<?xml version="1.0" encoding="UTF-8"?>
<!-- Generated by org.testng.reporters.JUnitXMLReporter -->
<testsuite ignored="0" hostname="DESKTOP-BIHUJ10" failures="0" tests="5" name="Default test" time="72.585" errors="0" timestamp="2020-07-17T12:33:46 IST">
  <testcase classname="myPackage.AutomationTest" name="validRegistrationTest" time="17.594"/>
  <testcase classname="myPackage.AutomationTest" name="failedLoginInvalidCredentials" time="11.155"/>
  <testcase classname="myPackage.AutomationTest" name="searchItem" time="6.544"/>
  <testcase classname="myPackage.AutomationTest" name="validLogin" time="11.681"/>
  <testcase classname="myPackage.AutomationTest" name="addtoCart" time="6.064"/>
</testsuite> <!-- Default test -->
