<?xml version="1.0" encoding="UTF-8"?>
<testng-results ignored="0" total="5" passed="5" failed="0" skipped="0">
  <reporter-output>
  </reporter-output>
  <suite started-at="2020-07-17T12:32:34 IST" name="Default suite" finished-at="2020-07-17T12:33:46 IST" duration-ms="72585">
    <groups>
    </groups>
    <test started-at="2020-07-17T12:32:34 IST" name="Default test" finished-at="2020-07-17T12:33:46 IST" duration-ms="72585">
      <class name="myPackage.AutomationTest">
        <test-method is-config="true" signature="setUrl()[pri:0, instance:myPackage.AutomationTest@7d3a22a9]" started-at="2020-07-17T12:32:34 IST" name="setUrl" finished-at="2020-07-17T12:32:53 IST" duration-ms="19371" status="PASS">
          <reporter-output>
          </reporter-output>
        </test-method> <!-- setUrl -->
        <test-method signature="validRegistrationTest()[pri:0, instance:myPackage.AutomationTest@7d3a22a9]" started-at="2020-07-17T12:32:53 IST" name="validRegistrationTest" finished-at="2020-07-17T12:33:11 IST" duration-ms="17594" status="PASS">
          <reporter-output>
          </reporter-output>
        </test-method> <!-- validRegistrationTest -->
        <test-method signature="failedLoginInvalidCredentials()[pri:1, instance:myPackage.AutomationTest@7d3a22a9]" started-at="2020-07-17T12:33:11 IST" name="failedLoginInvalidCredentials" finished-at="2020-07-17T12:33:22 IST" duration-ms="11155" status="PASS">
          <reporter-output>
          </reporter-output>
        </test-method> <!-- failedLoginInvalidCredentials -->
        <test-method signature="searchItem()[pri:1, instance:myPackage.AutomationTest@7d3a22a9]" started-at="2020-07-17T12:33:22 IST" name="searchItem" finished-at="2020-07-17T12:33:29 IST" duration-ms="6544" status="PASS">
          <reporter-output>
          </reporter-output>
        </test-method> <!-- searchItem -->
        <test-method signature="validLogin()[pri:1, instance:myPackage.AutomationTest@7d3a22a9]" started-at="2020-07-17T12:33:29 IST" name="validLogin" finished-at="2020-07-17T12:33:40 IST" duration-ms="11681" status="PASS">
          <reporter-output>
          </reporter-output>
        </test-method> <!-- validLogin -->
        <test-method signature="addtoCart()[pri:2, instance:myPackage.AutomationTest@7d3a22a9]" started-at="2020-07-17T12:33:40 IST" name="addtoCart" finished-at="2020-07-17T12:33:46 IST" duration-ms="6064" status="PASS">
          <reporter-output>
          </reporter-output>
        </test-method> <!-- addtoCart -->
      </class> <!-- myPackage.AutomationTest -->
    </test> <!-- Default test -->
  </suite> <!-- Default suite -->
</testng-results>
